16:26:42: Creating resource group General
16:26:42: Creating resource group Internal
16:26:42: Creating resource group Autodetect
16:26:42: SceneManagerFactory for type 'DefaultSceneManager' registered.
16:26:42: Registering ResourceManager for type Material
16:26:42: Registering ResourceManager for type Mesh
16:26:42: Registering ResourceManager for type Skeleton
16:26:42: MovableObjectFactory for type 'ParticleSystem' registered.
16:26:42: OverlayElementFactory for type Panel registered.
16:26:42: OverlayElementFactory for type BorderPanel registered.
16:26:42: OverlayElementFactory for type TextArea registered.
16:26:42: Registering ResourceManager for type Font
16:26:42: ArchiveFactory for archive type FileSystem registered.
16:26:42: ArchiveFactory for archive type Zip registered.
16:26:42: DDS codec registering
16:26:42: FreeImage version: 3.15.1
16:26:42: This program uses FreeImage, a free, open source image library supporting all common bitmap formats. See http://freeimage.sourceforge.net for details
16:26:42: Supported formats: bmp,ico,jpg,jif,jpeg,jpe,jng,koa,iff,lbm,mng,pbm,pbm,pcd,pcx,pgm,pgm,png,ppm,ppm,ras,tga,targa,tif,tiff,wap,wbmp,wbm,psd,cut,xbm,xpm,gif,hdr,g3,sgi,exr,j2k,j2c,jp2,pfm,pct,pict,pic,3fr,arw,bay,bmq,cap,cine,cr2,crw,cs1,dc2,dcr,drf,dsc,dng,erf,fff,ia,iiq,k25,kc2,kdc,mdc,mef,mos,mrw,nef,nrw,orf,pef,ptx,pxn,qtk,raf,raw,rdc,rw2,rwl,rwz,sr2,srf,sti
16:26:42: Registering ResourceManager for type HighLevelGpuProgram
16:26:42: Registering ResourceManager for type Compositor
16:26:42: MovableObjectFactory for type 'Entity' registered.
16:26:42: MovableObjectFactory for type 'Light' registered.
16:26:42: MovableObjectFactory for type 'BillboardSet' registered.
16:26:42: MovableObjectFactory for type 'ManualObject' registered.
16:26:42: MovableObjectFactory for type 'BillboardChain' registered.
16:26:42: MovableObjectFactory for type 'RibbonTrail' registered.
16:26:42: *-*-* OGRE Initialising
16:26:42: *-*-* Version 1.7.4 (Cthugha)
16:26:42: Creating resource group Essential
16:26:42: OGRE EXCEPTION(7:InternalErrorException): OGRE_MEDIA_DIR-NOTFOUND/packs/SdkTrays.zip - error whilst opening archive: Unable to read zip file. in ZipArchive::checkZzipError at /build/buildd/ogre-1.7.4+dfsg1/OgreMain/src/OgreZip.cpp (line 280)
